#
# There is insufficient memory for the Java Runtime Environment to continue.
# Native memory allocation (malloc) failed to allocate 1048576 bytes for AllocateHeap
# Possible reasons:
#   The system is out of physical RAM or swap space
#   The process is running with CompressedOops enabled, and the Java Heap may be blocking the growth of the native heap
# Possible solutions:
#   Reduce memory load on the system
#   Increase physical memory or swap space
#   Check if swap backing store is full
#   Decrease Java heap size (-Xmx/-Xms)
#   Decrease number of Java threads
#   Decrease Java thread stack sizes (-Xss)
#   Set larger code cache with -XX:ReservedCodeCacheSize=
#   JVM is running with Unscaled Compressed Oops mode in which the Java heap is
#     placed in the first 4GB address space. The Java Heap base address is the
#     maximum limit for the native heap growth. Please use -XX:HeapBaseMinAddress
#     to set the Java Heap base and to place the Java Heap above 4GB virtual address.
# This output file may be truncated or incomplete.
#
#  Out of Memory Error (./open/src/hotspot/share/memory/allocation.cpp:44), pid=8712, tid=5304
#
# JRE version: OpenJDK Runtime Environment (14.0.2+12) (build 14.0.2+12-46)
# Java VM: OpenJDK 64-Bit Server VM (14.0.2+12-46, mixed mode, tiered, compressed oops, g1 gc, windows-amd64)
# No core dump will be written. Minidumps are not enabled by default on client versions of Windows
#

---------------  S U M M A R Y ------------

Command Line: -Dcom.sun.management.jmxremote -Dcom.sun.management.jmxremote.port=59330 -Dcom.sun.management.jmxremote.authenticate=false -Dcom.sun.management.jmxremote.ssl=false -Djava.rmi.server.hostname=localhost -Dspring.jmx.enabled=true -Dspring.application.admin.enabled=true -XX:TieredStopAtLevel=1 -Dspring.boot.project.name=projet-2 -Dfile.encoding=UTF-8 -XX:+ShowCodeDetailsInExceptionMessages org.nini.Projet2Application

Host: Pentium(R) Dual-Core CPU       T4300  @ 2.10GHz, 2 cores, 7G,  Windows 8.1 , 64 bit Build 9600 (6.3.9600.19994)
Time: Fri Jun 11 07:36:26 2021 Russie TZ 2 elapsed time: 16 seconds (0d 0h 0m 16s)

---------------  T H R E A D  ---------------

Current thread (0x000000677fadc800):  VMThread "VM Thread" [stack: 0x000000677fed0000,0x000000677ffd0000] [id=5304]

Stack: [0x000000677fed0000,0x000000677ffd0000]
[error occurred during error reporting (printing stack bounds), id 0xc0000005, EXCEPTION_ACCESS_VIOLATION (0xc0000005) at pc=0x000000676f9610bd]

Native frames: (J=compiled Java code, j=interpreted, Vv=VM code, C=native code)
V  [jvm.dll+0x5f8a9a]
V  [jvm.dll+0x74247a]
V  [jvm.dll+0x743c2f]
V  [jvm.dll+0x7441d5]
V  [jvm.dll+0x74418b]
V  [jvm.dll+0x5f7f6f]
V  [jvm.dll+0x5f8738]
C  [ntdll.dll+0x9333d]
C  [ntdll.dll+0x54997]
C  [ntdll.dll+0x924ca]
C  0x000000676f9610bd

VM_Operation (0x000000670a0f95b0): CollectForMetadataAllocation, mode: safepoint, requested by thread 0x0000006708da0000


---------------  P R O C E S S  ---------------

Threads class SMR info:
_java_thread_list=0x0000006709943090, length=25, elements={
0x000000676bcce800, 0x000000677faf9800, 0x000000677fafa000, 0x000000677fb13800,
0x000000677fb17800, 0x000000677fb18800, 0x000000677fb19800, 0x000000677fb55000,
0x000000677f879000, 0x000000677fcfb800, 0x0000006707465800, 0x00000067074b3800,
0x00000067074b4800, 0x0000006707522800, 0x0000006707530000, 0x0000006707543800,
0x0000006707558000, 0x000000670793d800, 0x0000006708da0000, 0x0000006708d9e800,
0x0000006708d9f000, 0x0000006708da3000, 0x0000006708da1800, 0x0000006708da0800,
0x0000006708da2800
}

Java Threads: ( => current thread )
  0x000000676bcce800 JavaThread "main" [_thread_blocked, id=4168, stack(0x000000676b370000,0x000000676b470000)]
  0x000000677faf9800 JavaThread "Reference Handler" daemon [_thread_blocked, id=7416, stack(0x0000006706740000,0x0000006706840000)]
  0x000000677fafa000 JavaThread "Finalizer" daemon [_thread_blocked, id=9212, stack(0x0000006706840000,0x0000006706940000)]
  0x000000677fb13800 JavaThread "Signal Dispatcher" daemon [_thread_blocked, id=4408, stack(0x0000006706a40000,0x0000006706b40000)]
  0x000000677fb17800 JavaThread "Attach Listener" daemon [_thread_blocked, id=4664, stack(0x0000006706b40000,0x0000006706c40000)]
  0x000000677fb18800 JavaThread "Service Thread" daemon [_thread_blocked, id=6168, stack(0x0000006706c40000,0x0000006706d40000)]
  0x000000677fb19800 JavaThread "C1 CompilerThread0" daemon [_thread_blocked, id=5408, stack(0x0000006706d40000,0x0000006706e40000)]
  0x000000677fb55000 JavaThread "Sweeper thread" daemon [_thread_blocked, id=4204, stack(0x0000006706e40000,0x0000006706f40000)]
  0x000000677f879000 JavaThread "Common-Cleaner" daemon [_thread_blocked, id=7656, stack(0x0000006706f40000,0x0000006707040000)]
  0x000000677fcfb800 JavaThread "Notification Thread" daemon [_thread_blocked, id=6864, stack(0x0000006707040000,0x0000006707140000)]
  0x0000006707465800 JavaThread "RMI TCP Accept-0" daemon [_thread_in_native, id=3188, stack(0x0000006708220000,0x0000006708320000)]
  0x00000067074b3800 JavaThread "RMI TCP Accept-59330" daemon [_thread_in_native, id=6936, stack(0x0000006708320000,0x0000006708420000)]
  0x00000067074b4800 JavaThread "RMI TCP Connection(1)-127.0.0.1" daemon [_thread_in_native, id=7104, stack(0x0000006708420000,0x0000006708520000)]
  0x0000006707522800 JavaThread "RMI Scheduler(0)" daemon [_thread_blocked, id=3000, stack(0x0000006708520000,0x0000006708620000)]
  0x0000006707530000 JavaThread "RMI TCP Connection(2)-127.0.0.1" daemon [_thread_blocked, id=8060, stack(0x0000006708620000,0x0000006708720000)]
  0x0000006707543800 JavaThread "RMI TCP Accept-0" daemon [_thread_in_native, id=5480, stack(0x0000006708720000,0x0000006708820000)]
  0x0000006707558000 JavaThread "JMX server connection timeout 19" daemon [_thread_blocked, id=8484, stack(0x0000006708920000,0x0000006708a20000)]
  0x000000670793d800 JavaThread "Thread-0" [_thread_blocked, id=7560, stack(0x0000006709f00000,0x000000670a000000)]
  0x0000006708da0000 JavaThread "restartedMain" [_thread_blocked, id=5416, stack(0x000000670a000000,0x000000670a100000)]
  0x0000006708d9e800 JavaThread "Catalina-utility-1" [_thread_blocked, id=7704, stack(0x000000670a300000,0x000000670a400000)]
  0x0000006708d9f000 JavaThread "Catalina-utility-2" [_thread_blocked, id=4248, stack(0x000000670b200000,0x000000670b300000)]
  0x0000006708da3000 JavaThread "container-0" [_thread_blocked, id=6816, stack(0x000000670b300000,0x000000670b400000)]
  0x0000006708da1800 JavaThread "mysql-cj-abandoned-connection-cleanup" daemon [_thread_blocked, id=272, stack(0x000000670b600000,0x000000670b700000)]
  0x0000006708da0800 JavaThread "HikariPool-1 housekeeper" daemon [_thread_blocked, id=2152, stack(0x000000670cdd0000,0x000000670ced0000)]
  0x0000006708da2800 JavaThread "HikariPool-1 connection adder" daemon [_thread_blocked, id=5380, stack(0x000000670ced0000,0x000000670cfd0000)]

Other Threads:
=>0x000000677fadc800 VMThread "VM Thread" [stack: 0x000000677fed0000,0x000000677ffd0000] [id=5304]
  0x0000006707544000 WatcherThread [stack: 0x0000006708820000,0x0000006708920000] [id=528]
  0x000000676bd10000 GCTaskThread "GC Thread#0" [stack: 0x000000677f1b0000,0x000000677f2b0000] [id=3600]
  0x000000670731a800 GCTaskThread "GC Thread#1" [stack: 0x0000006707940000,0x0000006707a40000] [id=4972]
  0x000000676bd21800 ConcurrentGCThread "G1 Main Marker" [stack: 0x000000677f2b0000,0x000000677f3b0000] [id=1808]
  0x000000676bd23800 ConcurrentGCThread "G1 Conc#0" [stack: 0x000000677f3b0000,0x000000677f4b0000] [id=7384]
  0x000000677f707800 ConcurrentGCThread "G1 Refine#0" [stack: 0x000000677f8d0000,0x000000677f9d0000] [id=3244]
  0x000000677f709800 ConcurrentGCThread "G1 Young RemSet Sampling" [stack: 0x000000677f9d0000,0x000000677fad0000] [id=9076]

Threads with active compile tasks:

VM state:at safepoint (normal execution)

VM Mutex/Monitor currently owned by a thread:  ([mutex/lock_event])
[0x000000676bccac00] Threads_lock - owner thread: 0x000000677fadc800
[0x000000676bcca1e0] Heap_lock - owner thread: 0x0000006708da0000

Heap address: 0x0000000081800000, size: 2024 MB, Compressed Oops mode: 32-bit
Narrow klass base: 0x0000000000000000, Narrow klass shift: 3
Compressed class space size: 1073741824 Address: 0x0000000100000000

Heap:
 garbage-first heap   total 66560K, used 21094K [0x0000000081800000, 0x0000000100000000)
  region size 1024K, 2 young (2048K), 2 survivors (2048K)
 Metaspace       used 54214K, capacity 55528K, committed 55760K, reserved 1097728K
  class space    used 7260K, capacity 7791K, committed 7808K, reserved 1048576K
Heap Regions: E=young(eden), S=young(survivor), O=old, HS=humongous(starts), HC=humongous(continues), CS=collection set, F=free, OA=open archive, CA=closed archive, TAMS=top-at-mark-start (previous, next)
|   0|0x0000000081800000, 0x0000000081900000, 0x0000000081900000|100%|HS|  |TAMS 0x0000000081900000, 0x0000000081900000| Complete 
|   1|0x0000000081900000, 0x0000000081a00000, 0x0000000081a00000|100%| O|  |TAMS 0x0000000081a00000, 0x0000000081a00000| Untracked 
|   2|0x0000000081a00000, 0x0000000081b00000, 0x0000000081b00000|100%| O|  |TAMS 0x0000000081b00000, 0x0000000081b00000| Untracked 
|   3|0x0000000081b00000, 0x0000000081c00000, 0x0000000081c00000|100%| O|  |TAMS 0x0000000081c00000, 0x0000000081c00000| Untracked 
|   4|0x0000000081c00000, 0x0000000081d00000, 0x0000000081d00000|100%| O|  |TAMS 0x0000000081d00000, 0x0000000081d00000| Untracked 
|   5|0x0000000081d00000, 0x0000000081e00000, 0x0000000081e00000|100%| O|  |TAMS 0x0000000081e00000, 0x0000000081e00000| Untracked 
|   6|0x0000000081e00000, 0x0000000081e46400, 0x0000000081f00000| 27%| O|  |TAMS 0x0000000081e46400, 0x0000000081e46400| Untracked 
|   7|0x0000000081f00000, 0x0000000082000000, 0x0000000082000000|100%| O|  |TAMS 0x0000000082000000, 0x0000000082000000| Untracked 
|   8|0x0000000082000000, 0x0000000082100000, 0x0000000082100000|100%| O|  |TAMS 0x0000000082100000, 0x0000000082100000| Untracked 
|   9|0x0000000082100000, 0x0000000082200000, 0x0000000082200000|100%| O|  |TAMS 0x0000000082200000, 0x0000000082200000| Untracked 
|  10|0x0000000082200000, 0x0000000082300000, 0x0000000082300000|100%| O|  |TAMS 0x00000000822a0200, 0x0000000082300000| Untracked 
|  11|0x0000000082300000, 0x0000000082400000, 0x0000000082400000|100%| O|  |TAMS 0x0000000082300000, 0x0000000082400000| Untracked 
|  12|0x0000000082400000, 0x0000000082500000, 0x0000000082500000|100%| O|  |TAMS 0x0000000082400000, 0x0000000082500000| Untracked 
|  13|0x0000000082500000, 0x0000000082600000, 0x0000000082600000|100%| O|  |TAMS 0x0000000082500000, 0x0000000082600000| Untracked 
|  14|0x0000000082600000, 0x0000000082700000, 0x0000000082700000|100%| O|  |TAMS 0x0000000082600000, 0x0000000082700000| Untracked 
|  15|0x0000000082700000, 0x0000000082800000, 0x0000000082800000|100%| O|  |TAMS 0x0000000082700000, 0x0000000082800000| Untracked 
|  16|0x0000000082800000, 0x0000000082900000, 0x0000000082900000|100%| O|  |TAMS 0x0000000082800000, 0x0000000082900000| Untracked 
|  17|0x0000000082900000, 0x0000000082a00000, 0x0000000082a00000|100%| O|  |TAMS 0x0000000082900000, 0x0000000082a00000| Untracked 
|  18|0x0000000082a00000, 0x0000000082b00000, 0x0000000082b00000|100%| O|  |TAMS 0x0000000082a00000, 0x0000000082b00000| Untracked 
|  19|0x0000000082b00000, 0x0000000082bb5000, 0x0000000082c00000| 70%| O|  |TAMS 0x0000000082b00000, 0x0000000082bb5000| Untracked 
|  20|0x0000000082c00000, 0x0000000082c00000, 0x0000000082d00000|  0%| F|  |TAMS 0x0000000082c00000, 0x0000000082c00000| Untracked 
|  21|0x0000000082d00000, 0x0000000082d00000, 0x0000000082e00000|  0%| F|  |TAMS 0x0000000082d00000, 0x0000000082d00000| Untracked 
|  22|0x0000000082e00000, 0x0000000082e00000, 0x0000000082f00000|  0%| F|  |TAMS 0x0000000082e00000, 0x0000000082e00000| Untracked 
|  23|0x0000000082f00000, 0x0000000082f00000, 0x0000000083000000|  0%| F|  |TAMS 0x0000000082f00000, 0x0000000082f00000| Untracked 
|  24|0x0000000083000000, 0x0000000083000000, 0x0000000083100000|  0%| F|  |TAMS 0x0000000083000000, 0x0000000083000000| Untracked 
|  25|0x0000000083100000, 0x0000000083100000, 0x0000000083200000|  0%| F|  |TAMS 0x0000000083100000, 0x0000000083100000| Untracked 
|  26|0x0000000083200000, 0x0000000083200000, 0x0000000083300000|  0%| F|  |TAMS 0x0000000083200000, 0x0000000083200000| Untracked 
|  27|0x0000000083300000, 0x0000000083300000, 0x0000000083400000|  0%| F|  |TAMS 0x0000000083300000, 0x0000000083300000| Untracked 
|  28|0x0000000083400000, 0x0000000083400000, 0x0000000083500000|  0%| F|  |TAMS 0x0000000083400000, 0x0000000083400000| Untracked 
|  29|0x0000000083500000, 0x0000000083500000, 0x0000000083600000|  0%| F|  |TAMS 0x0000000083500000, 0x0000000083500000| Untracked 
|  30|0x0000000083600000, 0x0000000083600000, 0x0000000083700000|  0%| F|  |TAMS 0x0000000083600000, 0x0000000083600000| Untracked 
|  31|0x0000000083700000, 0x0000000083700000, 0x0000000083800000|  0%| F|  |TAMS 0x0000000083700000, 0x0000000083700000| Untracked 
|  32|0x0000000083800000, 0x0000000083800000, 0x0000000083900000|  0%| F|  |TAMS 0x0000000083800000, 0x0000000083800000| Untracked 
|  33|0x0000000083900000, 0x0000000083900000, 0x0000000083a00000|  0%| F|  |TAMS 0x0000000083900000, 0x0000000083900000| Untracked 
|  34|0x0000000083a00000, 0x0000000083a00000, 0x0000000083b00000|  0%| F|  |TAMS 0x0000000083a00000, 0x0000000083a00000| Untracked 
|  35|0x0000000083b00000, 0x0000000083b00000, 0x0000000083c00000|  0%| F|  |TAMS 0x0000000083b00000, 0x0000000083b00000| Untracked 
|  36|0x0000000083c00000, 0x0000000083c00000, 0x0000000083d00000|  0%| F|  |TAMS 0x0000000083c00000, 0x0000000083c00000| Untracked 
|  37|0x0000000083d00000, 0x0000000083d00000, 0x0000000083e00000|  0%| F|  |TAMS 0x0000000083d00000, 0x0000000083d00000| Untracked 
|  38|0x0000000083e00000, 0x0000000083e00000, 0x0000000083f00000|  0%| F|  |TAMS 0x0000000083e00000, 0x0000000083e00000| Untracked 
|  39|0x0000000083f00000, 0x0000000083f00000, 0x0000000084000000|  0%| F|  |TAMS 0x0000000083f00000, 0x0000000083f00000| Untracked 
|  40|0x0000000084000000, 0x0000000084000000, 0x0000000084100000|  0%| F|  |TAMS 0x0000000084000000, 0x0000000084000000| Untracked 
|  41|0x0000000084100000, 0x0000000084100000, 0x0000000084200000|  0%| F|  |TAMS 0x0000000084100000, 0x0000000084100000| Untracked 
|  42|0x0000000084200000, 0x0000000084200000, 0x0000000084300000|  0%| F|  |TAMS 0x0000000084200000, 0x0000000084200000| Untracked 
|  43|0x0000000084300000, 0x0000000084300000, 0x0000000084400000|  0%| F|  |TAMS 0x0000000084300000, 0x0000000084300000| Untracked 
|  44|0x0000000084400000, 0x0000000084400000, 0x0000000084500000|  0%| F|  |TAMS 0x0000000084400000, 0x0000000084400000| Untracked 
|  45|0x0000000084500000, 0x0000000084500000, 0x0000000084600000|  0%| F|  |TAMS 0x0000000084500000, 0x0000000084500000| Untracked 
|  46|0x0000000084600000, 0x0000000084600000, 0x0000000084700000|  0%| F|  |TAMS 0x0000000084600000, 0x0000000084600000| Untracked 
|  47|0x0000000084700000, 0x0000000084700000, 0x0000000084800000|  0%| F|  |TAMS 0x0000000084700000, 0x0000000084700000| Untracked 
|  48|0x0000000084800000, 0x0000000084800000, 0x0000000084900000|  0%| F|  |TAMS 0x0000000084800000, 0x0000000084800000| Untracked 
|  49|0x0000000084900000, 0x0000000084900000, 0x0000000084a00000|  0%| F|  |TAMS 0x0000000084900000, 0x0000000084900000| Untracked 
|  50|0x0000000084a00000, 0x0000000084a00000, 0x0000000084b00000|  0%| F|  |TAMS 0x0000000084a00000, 0x0000000084a00000| Untracked 
|  51|0x0000000084b00000, 0x0000000084b00000, 0x0000000084c00000|  0%| F|  |TAMS 0x0000000084b00000, 0x0000000084b00000| Untracked 
|  52|0x0000000084c00000, 0x0000000084c00000, 0x0000000084d00000|  0%| F|  |TAMS 0x0000000084c00000, 0x0000000084c00000| Untracked 
|  53|0x0000000084d00000, 0x0000000084d00000, 0x0000000084e00000|  0%| F|  |TAMS 0x0000000084d00000, 0x0000000084d00000| Untracked 
|  54|0x0000000084e00000, 0x0000000084e9e440, 0x0000000084f00000| 61%| S|CS|TAMS 0x0000000084e00000, 0x0000000084e00000| Complete 
|  55|0x0000000084f00000, 0x0000000085000000, 0x0000000085000000|100%| S|CS|TAMS 0x0000000084f00000, 0x0000000084f00000| Complete 
|  56|0x0000000085000000, 0x0000000085000000, 0x0000000085100000|  0%| F|  |TAMS 0x0000000085000000, 0x0000000085000000| Untracked 
|  57|0x0000000085100000, 0x0000000085100000, 0x0000000085200000|  0%| F|  |TAMS 0x0000000085100000, 0x0000000085100000| Untracked 
|  58|0x0000000085200000, 0x0000000085200000, 0x0000000085300000|  0%| F|  |TAMS 0x0000000085200000, 0x0000000085200000| Untracked 
|  59|0x0000000085300000, 0x0000000085300000, 0x0000000085400000|  0%| F|  |TAMS 0x0000000085300000, 0x0000000085300000| Untracked 
|  60|0x0000000085400000, 0x0000000085400000, 0x0000000085500000|  0%| F|  |TAMS 0x0000000085400000, 0x0000000085400000| Untracked 
|  61|0x0000000085500000, 0x0000000085500000, 0x0000000085600000|  0%| F|  |TAMS 0x0000000085500000, 0x0000000085500000| Untracked 
|  62|0x0000000085600000, 0x0000000085600000, 0x0000000085700000|  0%| F|  |TAMS 0x0000000085600000, 0x0000000085600000| Untracked 
|  63|0x0000000085700000, 0x0000000085700000, 0x0000000085800000|  0%| F|  |TAMS 0x0000000085700000, 0x0000000085700000| Untracked 
| 153|0x000000008b100000, 0x000000008b100000, 0x000000008b200000|  0%| F|  |TAMS 0x000000008b100000, 0x000000008b100000| Untracked 

Card table byte_map: [0x000000677e960000,0x000000677ed60000] _byte_map_base: 0x000000677e554000

Marking Bits (Prev, Next): (CMBitMap*) 0x000000676bd10c28, (CMBitMap*) 0x000000676bd10c68
 Prev Bits: [0x0000006700000000, 0x0000006701fa0000)
 Next Bits: [0x0000006701fa0000, 0x0000006703f40000)

Polling page: 0x0000006769ae0000

Metaspace:

Usage:
  Non-class:     46.62 MB capacity,    45.85 MB ( 98%) used,   626.34 KB (  1%) free+waste,   156.81 KB ( <1%) overhead. 
      Class:      7.61 MB capacity,     7.09 MB ( 93%) used,   453.57 KB (  6%) free+waste,    76.44 KB ( <1%) overhead. 
       Both:     54.23 MB capacity,    52.94 MB ( 98%) used,     1.05 MB (  2%) free+waste,   233.25 KB ( <1%) overhead. 

Virtual space:
  Non-class space:       48.00 MB reserved,      46.83 MB ( 98%) committed 
      Class space:        1.00 GB reserved,       7.63 MB ( <1%) committed 
             Both:        1.05 GB reserved,      54.45 MB (  5%) committed 

Chunk freelists:
   Non-Class:  23.00 KB
       Class:  17.00 KB
        Both:  40.00 KB

MaxMetaspaceSize: 17179869184.00 GB
CompressedClassSpaceSize: 1.00 GB

CodeHeap 'non-profiled nmethods': size=239488Kb used=6165Kb max_used=6165Kb free=233322Kb
 bounds [0x000000676ff80000, 0x0000006770590000, 0x000000677e960000]
CodeHeap 'non-nmethods': size=6272Kb used=1284Kb max_used=1284Kb free=4987Kb
 bounds [0x000000676f960000, 0x000000676fbd0000, 0x000000676ff80000]
 total_blobs=4600 nmethods=4023 adapters=505
 compilation: enabled
              stopped_count=0, restarted_count=0
 full_count=0

Compilation events (20 events):
Event: 16.726 Thread 0x000000677fb19800 4014       1       org.springframework.beans.factory.support.DefaultListableBeanFactory::getAutowireCandidateResolver (5 bytes)
Event: 16.726 Thread 0x000000677fb19800 nmethod 4014 0x0000006770582890 code [0x0000006770582a20, 0x0000006770582ad8]
Event: 16.727 Thread 0x000000677fb19800 4015       1       org.springframework.data.repository.core.support.RepositoryFactoryBeanSupport::getObjectType (5 bytes)
Event: 16.727 Thread 0x000000677fb19800 nmethod 4015 0x0000006770582b90 code [0x0000006770582d20, 0x0000006770582dd8]
Event: 16.729 Thread 0x000000677fb19800 4016       1       org.springframework.core.annotation.AnnotationUtils::isCandidateClass (41 bytes)
Event: 16.730 Thread 0x000000677fb19800 nmethod 4016 0x0000006770582e90 code [0x0000006770583080, 0x0000006770583368]
Event: 16.730 Thread 0x000000677fb19800 4017   !   1       org.springframework.core.annotation.AnnotationsScanner::processElement (40 bytes)
Event: 16.731 Thread 0x000000677fb19800 nmethod 4017 0x0000006770583610 code [0x00000067705837e0, 0x0000006770583978]
Event: 16.731 Thread 0x000000677fb19800 4018       1       org.springframework.context.support.GenericApplicationContext::getBeanFactory (5 bytes)
Event: 16.731 Thread 0x000000677fb19800 nmethod 4018 0x0000006770583a90 code [0x0000006770583c20, 0x0000006770583cd8]
Event: 16.731 Thread 0x000000677fb19800 4019       1       org.springframework.core.convert.support.GenericConversionService$Converters$$Lambda$169/0x00000001001d3c40::apply (8 bytes)
Event: 16.731 Thread 0x000000677fb19800 nmethod 4019 0x0000006770583d90 code [0x0000006770583f40, 0x0000006770584258]
Event: 16.731 Thread 0x000000677fb19800 4020       1       org.springframework.core.convert.support.GenericConversionService$Converters::lambda$getMatchableConverters$0 (9 bytes)
Event: 16.732 Thread 0x000000677fb19800 nmethod 4020 0x0000006770584390 code [0x0000006770584540, 0x0000006770584818]
Event: 16.732 Thread 0x000000677fb19800 4021       1       org.springframework.core.convert.support.GenericConversionService$ConvertersForPair::<init> (5 bytes)
Event: 16.732 Thread 0x000000677fb19800 nmethod 4021 0x0000006770584910 code [0x0000006770584ac0, 0x0000006770584d58]
Event: 16.732 Thread 0x000000677fb19800 4022       1       org.springframework.core.convert.support.GenericConversionService$ConvertersForPair::<init> (16 bytes)
Event: 16.733 Thread 0x000000677fb19800 nmethod 4022 0x0000006770584e10 code [0x0000006770584fc0, 0x0000006770585258]
Event: 16.733 Thread 0x000000677fb19800 4023       1       java.util.concurrent.ConcurrentLinkedDeque::<init> (21 bytes)
Event: 16.733 Thread 0x000000677fb19800 nmethod 4023 0x0000006770585310 code [0x00000067705854a0, 0x0000006770585658]

GC Heap History (20 events):
Event: 8.193 GC heap before
{Heap before GC invocations=12 (full 0):
 garbage-first heap   total 46080K, used 36385K [0x0000000081800000, 0x0000000100000000)
  region size 1024K, 27 young (27648K), 3 survivors (3072K)
 Metaspace       used 29879K, capacity 30923K, committed 31152K, reserved 1077248K
  class space    used 3690K, capacity 4081K, committed 4096K, reserved 1048576K
}
Event: 8.208 GC heap after
{Heap after GC invocations=13 (full 0):
 garbage-first heap   total 46080K, used 12198K [0x0000000081800000, 0x0000000100000000)
  region size 1024K, 3 young (3072K), 3 survivors (3072K)
 Metaspace       used 29879K, capacity 30923K, committed 31152K, reserved 1077248K
  class space    used 3690K, capacity 4081K, committed 4096K, reserved 1048576K
}
Event: 9.123 GC heap before
{Heap before GC invocations=13 (full 0):
 garbage-first heap   total 46080K, used 35750K [0x0000000081800000, 0x0000000100000000)
  region size 1024K, 26 young (26624K), 3 survivors (3072K)
 Metaspace       used 31827K, capacity 32786K, committed 32944K, reserved 1077248K
  class space    used 3986K, capacity 4338K, committed 4352K, reserved 1048576K
}
Event: 9.138 GC heap after
{Heap after GC invocations=14 (full 0):
 garbage-first heap   total 55296K, used 13151K [0x0000000081800000, 0x0000000100000000)
  region size 1024K, 3 young (3072K), 3 survivors (3072K)
 Metaspace       used 31827K, capacity 32786K, committed 32944K, reserved 1077248K
  class space    used 3986K, capacity 4338K, committed 4352K, reserved 1048576K
}
Event: 10.285 GC heap before
{Heap before GC invocations=14 (full 0):
 garbage-first heap   total 55296K, used 39775K [0x0000000081800000, 0x0000000100000000)
  region size 1024K, 30 young (30720K), 3 survivors (3072K)
 Metaspace       used 34691K, capacity 35858K, committed 35920K, reserved 1081344K
  class space    used 4403K, capacity 4843K, committed 4864K, reserved 1048576K
}
Event: 10.307 GC heap after
{Heap after GC invocations=15 (full 0):
 garbage-first heap   total 55296K, used 15283K [0x0000000081800000, 0x0000000100000000)
  region size 1024K, 4 young (4096K), 4 survivors (4096K)
 Metaspace       used 34691K, capacity 35858K, committed 35920K, reserved 1081344K
  class space    used 4403K, capacity 4843K, committed 4864K, reserved 1048576K
}
Event: 10.543 GC heap before
{Heap before GC invocations=16 (full 0):
 garbage-first heap   total 55296K, used 42931K [0x0000000081800000, 0x0000000100000000)
  region size 1024K, 32 young (32768K), 4 survivors (4096K)
 Metaspace       used 35039K, capacity 36251K, committed 36560K, reserved 1081344K
  class space    used 4449K, capacity 4910K, committed 4992K, reserved 1048576K
}
Event: 10.559 GC heap after
{Heap after GC invocations=17 (full 0):
 garbage-first heap   total 55296K, used 15464K [0x0000000081800000, 0x0000000100000000)
  region size 1024K, 3 young (3072K), 3 survivors (3072K)
 Metaspace       used 35039K, capacity 36251K, committed 36560K, reserved 1081344K
  class space    used 4449K, capacity 4910K, committed 4992K, reserved 1048576K
}
Event: 10.763 GC heap before
{Heap before GC invocations=17 (full 0):
 garbage-first heap   total 55296K, used 42088K [0x0000000081800000, 0x0000000100000000)
  region size 1024K, 30 young (30720K), 3 survivors (3072K)
 Metaspace       used 35508K, capacity 36691K, committed 36816K, reserved 1081344K
  class space    used 4492K, capacity 4950K, committed 4992K, reserved 1048576K
}
Event: 10.773 GC heap after
{Heap after GC invocations=18 (full 0):
 garbage-first heap   total 55296K, used 15562K [0x0000000081800000, 0x0000000100000000)
  region size 1024K, 1 young (1024K), 1 survivors (1024K)
 Metaspace       used 35508K, capacity 36691K, committed 36816K, reserved 1081344K
  class space    used 4492K, capacity 4950K, committed 4992K, reserved 1048576K
}
Event: 10.795 GC heap before
{Heap before GC invocations=18 (full 0):
 garbage-first heap   total 55296K, used 43210K [0x0000000081800000, 0x0000000100000000)
  region size 1024K, 29 young (29696K), 1 survivors (1024K)
 Metaspace       used 35508K, capacity 36691K, committed 36816K, reserved 1081344K
  class space    used 4492K, capacity 4950K, committed 4992K, reserved 1048576K
}
Event: 10.799 GC heap after
{Heap after GC invocations=19 (full 0):
 garbage-first heap   total 66560K, used 15599K [0x0000000081800000, 0x0000000100000000)
  region size 1024K, 1 young (1024K), 1 survivors (1024K)
 Metaspace       used 35508K, capacity 36691K, committed 36816K, reserved 1081344K
  class space    used 4492K, capacity 4950K, committed 4992K, reserved 1048576K
}
Event: 12.322 GC heap before
{Heap before GC invocations=19 (full 0):
 garbage-first heap   total 66560K, used 54511K [0x0000000081800000, 0x0000000100000000)
  region size 1024K, 39 young (39936K), 1 survivors (1024K)
 Metaspace       used 39928K, capacity 41147K, committed 41296K, reserved 1085440K
  class space    used 5155K, capacity 5603K, committed 5632K, reserved 1048576K
}
Event: 12.331 GC heap after
{Heap after GC invocations=20 (full 0):
 garbage-first heap   total 66560K, used 16611K [0x0000000081800000, 0x0000000100000000)
  region size 1024K, 2 young (2048K), 2 survivors (2048K)
 Metaspace       used 39928K, capacity 41147K, committed 41296K, reserved 1085440K
  class space    used 5155K, capacity 5603K, committed 5632K, reserved 1048576K
}
Event: 14.025 GC heap before
{Heap before GC invocations=20 (full 0):
 garbage-first heap   total 66560K, used 54499K [0x0000000081800000, 0x0000000100000000)
  region size 1024K, 39 young (39936K), 2 survivors (2048K)
 Metaspace       used 46916K, capacity 48253K, committed 48464K, reserved 1091584K
  class space    used 6133K, capacity 6605K, committed 6656K, reserved 1048576K
}
Event: 14.056 GC heap after
{Heap after GC invocations=21 (full 0):
 garbage-first heap   total 66560K, used 19538K [0x0000000081800000, 0x0000000100000000)
  region size 1024K, 5 young (5120K), 5 survivors (5120K)
 Metaspace       used 46916K, capacity 48253K, committed 48464K, reserved 1091584K
  class space    used 6133K, capacity 6605K, committed 6656K, reserved 1048576K
}
Event: 15.677 GC heap before
{Heap before GC invocations=21 (full 0):
 garbage-first heap   total 66560K, used 52306K [0x0000000081800000, 0x0000000100000000)
  region size 1024K, 37 young (37888K), 5 survivors (5120K)
 Metaspace       used 53015K, capacity 54377K, committed 54608K, reserved 1095680K
  class space    used 7073K, capacity 7622K, committed 7680K, reserved 1048576K
}
Event: 15.696 GC heap after
{Heap after GC invocations=22 (full 0):
 garbage-first heap   total 66560K, used 20797K [0x0000000081800000, 0x0000000100000000)
  region size 1024K, 2 young (2048K), 2 survivors (2048K)
 Metaspace       used 53015K, capacity 54377K, committed 54608K, reserved 1095680K
  class space    used 7073K, capacity 7622K, committed 7680K, reserved 1048576K
}
Event: 16.738 GC heap before
{Heap before GC invocations=22 (full 0):
 garbage-first heap   total 66560K, used 28989K [0x0000000081800000, 0x0000000100000000)
  region size 1024K, 11 young (11264K), 2 survivors (2048K)
 Metaspace       used 54214K, capacity 55528K, committed 55760K, reserved 1097728K
  class space    used 7260K, capacity 7791K, committed 7808K, reserved 1048576K
}
Event: 16.747 GC heap after
{Heap after GC invocations=23 (full 0):
 garbage-first heap   total 66560K, used 21094K [0x0000000081800000, 0x0000000100000000)
  region size 1024K, 2 young (2048K), 2 survivors (2048K)
 Metaspace       used 54214K, capacity 55528K, committed 55760K, reserved 1097728K
  class space    used 7260K, capacity 7791K, committed 7808K, reserved 1048576K
}

Deoptimization events (2 events):
Event: 7.995 Thread 0x0000006708da0000 DEOPT PACKING pc=0x000000677028efd4 sp=0x000000670a0fcb70
Event: 7.995 Thread 0x0000006708da0000 DEOPT UNPACKING pc=0x000000676f9a993f sp=0x000000670a0fc0e8 mode 0

Classes unloaded (0 events):
No events

Classes redefined (0 events):
No events

Internal exceptions (20 events):
Event: 9.349 Thread 0x0000006708da0000 Exception <a 'java/lang/ClassNotFoundException'{0x0000000084de2cd0}: org/springframework/transaction/annotation/AbstractTransactionManagementConfigurationCustomizer> (0x0000000084de2cd0) 
thrown [./open/src/hotspot/share/classfile/systemDictionary.cpp, line 226]
Event: 9.350 Thread 0x0000006708da0000 Exception <a 'java/lang/ClassNotFoundException'{0x0000000084dfe1c8}: org/springframework/transaction/annotation/ProxyTransactionManagementConfigurationCustomizer> (0x0000000084dfe1c8) 
thrown [./open/src/hotspot/share/classfile/systemDictionary.cpp, line 226]
Event: 9.353 Thread 0x0000006708da0000 Exception <a 'java/lang/ClassNotFoundException'{0x0000000084c1c6d0}: org/springframework/context/annotation/ImportAwareCustomizer> (0x0000000084c1c6d0) 
thrown [./open/src/hotspot/share/classfile/systemDictionary.cpp, line 226]
Event: 9.356 Thread 0x0000006708da0000 Exception <a 'java/lang/ClassNotFoundException'{0x0000000084c300a0}: org/springframework/beans/factory/AwareCustomizer> (0x0000000084c300a0) 
thrown [./open/src/hotspot/share/classfile/systemDictionary.cpp, line 226]
Event: 9.500 Thread 0x0000006708da0000 Exception <a 'java/lang/NoSuchMethodError'{0x00000000847cd708}: 'java.lang.Object java.lang.invoke.DirectMethodHandle$Holder.invokeSpecialIFC(java.lang.Object, java.lang.Object, java.lang.Object)'> (0x00000000847cd708) 
thrown [./open/src/hotspot/share/interpreter/linkResolver.cpp, line 766]
Event: 9.607 Thread 0x0000006708da0000 Exception <a 'java/lang/NoSuchMethodError'{0x0000000084446208}: 'int java.lang.invoke.DirectMethodHandle$Holder.invokeSpecial(java.lang.Object, java.lang.Object, java.lang.Object, java.lang.Object, java.lang.Object)'> (0x0000000084446208) 
thrown [./open/src/hotspot/share/interpreter/linkResolver.cpp, line 766]
Event: 9.824 Thread 0x0000006708da0000 Exception <a 'java/lang/NoSuchMethodError'{0x0000000083f45c50}: 'void java.lang.invoke.DirectMethodHandle$Holder.invokeInterface(java.lang.Object, java.lang.Object, int)'> (0x0000000083f45c50) 
thrown [./open/src/hotspot/share/interpreter/linkResolver.cpp, line 766]
Event: 9.829 Thread 0x0000006708da0000 Exception <a 'java/lang/NoSuchMethodError'{0x0000000083f5d730}: 'int java.lang.invoke.DirectMethodHandle$Holder.invokeVirtual(java.lang.Object, java.lang.Object)'> (0x0000000083f5d730) 
thrown [./open/src/hotspot/share/interpreter/linkResolver.cpp, line 766]
Event: 9.841 Thread 0x0000006708da0000 Exception <a 'java/lang/IncompatibleClassChangeError'{0x0000000083f91670}: Found class java.lang.Object, but interface was expected> (0x0000000083f91670) 
thrown [./open/src/hotspot/share/interpreter/linkResolver.cpp, line 832]
Event: 9.842 Thread 0x0000006708da0000 Exception <a 'java/lang/NoSuchMethodError'{0x0000000083f96378}: 'void java.lang.invoke.DirectMethodHandle$Holder.invokeStatic(java.lang.Object, int, java.lang.Object)'> (0x0000000083f96378) 
thrown [./open/src/hotspot/share/interpreter/linkResolver.cpp, line 766]
Event: 9.890 Thread 0x0000006707530000 Exception <a 'java/lang/reflect/InvocationTargetException'{0x0000000083e87700}> (0x0000000083e87700) 
thrown [./open/src/hotspot/share/runtime/reflection.cpp, line 1188]
Event: 10.928 Thread 0x0000006708da0000 Exception <a 'java/io/FileNotFoundException'{0x00000000854df570}> (0x00000000854df570) 
thrown [./open/src/hotspot/share/prims/jni.cpp, line 599]
Event: 11.005 Thread 0x0000006708da0000 Exception <a 'java/lang/NoSuchMethodError'{0x000000008527e730}: 'int java.lang.invoke.DirectMethodHandle$Holder.invokeInterface(java.lang.Object, java.lang.Object, java.lang.Object, java.lang.Object)'> (0x000000008527e730) 
thrown [./open/src/hotspot/share/interpreter/linkResolver.cpp, line 766]
Event: 11.174 Thread 0x0000006708da0000 Exception <a 'java/io/FileNotFoundException'{0x0000000084e8b120}> (0x0000000084e8b120) 
thrown [./open/src/hotspot/share/prims/jni.cpp, line 599]
Event: 11.420 Thread 0x0000006708da0000 Exception <a 'java/lang/NoSuchMethodError'{0x0000000084604f58}: 'void java.lang.invoke.DirectMethodHandle$Holder.invokeStatic(java.lang.Object, java.lang.Object, int)'> (0x0000000084604f58) 
thrown [./open/src/hotspot/share/interpreter/linkResolver.cpp, line 766]
Event: 13.759 Thread 0x0000006708da0000 Exception <a 'java/lang/NoSuchMethodError'{0x0000000083aab968}: 'java.lang.Object java.lang.invoke.DirectMethodHandle$Holder.invokeStaticInit(java.lang.Object, java.lang.Object, java.lang.Object, java.lang.Object)'> (0x0000000083aab968) 
thrown [./open/src/hotspot/share/interpreter/linkResolver.cpp, line 766]
Event: 14.368 Thread 0x0000006708da0000 Exception <a 'java/lang/NoSuchMethodError'{0x000000008525a5f8}: 'java.lang.Object java.lang.invoke.DirectMethodHandle$Holder.newInvokeSpecial(java.lang.Object, java.lang.Object, int, java.lang.Object, java.lang.Object)'> (0x000000008525a5f8) 
thrown [./open/src/hotspot/share/interpreter/linkResolver.cpp, line 766]
Event: 15.508 Thread 0x0000006708da0000 Exception <a 'java/lang/NoSuchMethodError'{0x0000000083c66300}: 'void java.lang.invoke.DirectMethodHandle$Holder.invokeInterface(java.lang.Object, java.lang.Object)'> (0x0000000083c66300) 
thrown [./open/src/hotspot/share/interpreter/linkResolver.cpp, line 766]
Event: 15.515 Thread 0x0000006708da0000 Exception <a 'java/lang/NoSuchMethodError'{0x0000000083c7a6d8}: 'int java.lang.invoke.DirectMethodHandle$Holder.invokeStatic(java.lang.Object, java.lang.Object, int)'> (0x0000000083c7a6d8) 
thrown [./open/src/hotspot/share/interpreter/linkResolver.cpp, line 766]
Event: 15.550 Thread 0x0000006708da0000 Exception <a 'java/lang/NoSuchMethodError'{0x0000000083b36e00}: 'java.lang.Object java.lang.invoke.DirectMethodHandle$Holder.invokeStaticInit(java.lang.Object, java.lang.Object, java.lang.Object, java.lang.Object, int, int)'> (0x0000000083b36e00) 
thrown [./open/src/hotspot/share/interpreter/linkResolver.cpp, line 766]

Events (20 events):
Event: 16.677 loading class javax/management/modelmbean/ModelMBeanInfo done
Event: 16.697 loading class javax/management/Attribute
Event: 16.697 loading class javax/management/Attribute done
Event: 16.717 Executing VM operation: HandshakeOneThread
Event: 16.717 Executing VM operation: HandshakeOneThread done
Event: 16.718 Executing VM operation: HandshakeOneThread
Event: 16.718 Executing VM operation: HandshakeOneThread done
Event: 16.718 Executing VM operation: HandshakeOneThread
Event: 16.718 Executing VM operation: HandshakeOneThread done
Event: 16.718 Executing VM operation: HandshakeOneThread
Event: 16.718 Executing VM operation: HandshakeOneThread done
Event: 16.718 Executing VM operation: HandshakeOneThread
Event: 16.718 Executing VM operation: HandshakeOneThread done
Event: 16.719 Executing VM operation: HandshakeOneThread
Event: 16.719 Executing VM operation: HandshakeOneThread done
Event: 16.719 Executing VM operation: HandshakeOneThread
Event: 16.719 Executing VM operation: HandshakeOneThread done
Event: 16.719 Executing VM operation: HandshakeOneThread
Event: 16.719 Executing VM operation: HandshakeOneThread done
Event: 16.738 Executing VM operation: CollectForMetadataAllocation


Dynamic libraries:
0x00007ff60d2e0000 - 0x00007ff60d2ed000 	C:\Users\PC\.p2\pool\plugins\org.eclipse.justj.openjdk.hotspot.jre.full.win32.x86_64_14.0.2.v20200815-0932\jre\bin\javaw.exe
0x00007ffcd26c0000 - 0x00007ffcd286d000 	C:\Windows\SYSTEM32\ntdll.dll
0x00007ffcd01b0000 - 0x00007ffcd02ef000 	C:\Windows\system32\KERNEL32.DLL
0x00007ffccfc20000 - 0x00007ffccfd35000 	C:\Windows\system32\KERNELBASE.dll
0x00007ffcc3d80000 - 0x00007ffcc3d98000 	C:\Users\PC\.p2\pool\plugins\org.eclipse.justj.openjdk.hotspot.jre.full.win32.x86_64_14.0.2.v20200815-0932\jre\bin\jli.dll
0x00007ffcc35c0000 - 0x00007ffcc35d5000 	C:\Users\PC\.p2\pool\plugins\org.eclipse.justj.openjdk.hotspot.jre.full.win32.x86_64_14.0.2.v20200815-0932\jre\bin\VCRUNTIME140.dll
0x00007ffcc5620000 - 0x00007ffcc5624000 	C:\Users\PC\.p2\pool\plugins\org.eclipse.justj.openjdk.hotspot.jre.full.win32.x86_64_14.0.2.v20200815-0932\jre\bin\api-ms-win-crt-stdio-l1-1-0.dll
0x00007ffcc51d0000 - 0x00007ffcc51d4000 	C:\Users\PC\.p2\pool\plugins\org.eclipse.justj.openjdk.hotspot.jre.full.win32.x86_64_14.0.2.v20200815-0932\jre\bin\api-ms-win-crt-runtime-l1-1-0.dll
0x00007ffcc4920000 - 0x00007ffcc4923000 	C:\Users\PC\.p2\pool\plugins\org.eclipse.justj.openjdk.hotspot.jre.full.win32.x86_64_14.0.2.v20200815-0932\jre\bin\api-ms-win-crt-environment-l1-1-0.dll
0x00007ffcc4740000 - 0x00007ffcc4745000 	C:\Users\PC\.p2\pool\plugins\org.eclipse.justj.openjdk.hotspot.jre.full.win32.x86_64_14.0.2.v20200815-0932\jre\bin\api-ms-win-crt-math-l1-1-0.dll
0x00007ffcc4450000 - 0x00007ffcc4453000 	C:\Users\PC\.p2\pool\plugins\org.eclipse.justj.openjdk.hotspot.jre.full.win32.x86_64_14.0.2.v20200815-0932\jre\bin\api-ms-win-crt-locale-l1-1-0.dll
0x00007ffcc3df0000 - 0x00007ffcc3df3000 	C:\Users\PC\.p2\pool\plugins\org.eclipse.justj.openjdk.hotspot.jre.full.win32.x86_64_14.0.2.v20200815-0932\jre\bin\api-ms-win-crt-heap-l1-1-0.dll
0x00007ffccd900000 - 0x00007ffccdb7b000 	C:\Windows\WinSxS\amd64_microsoft.windows.common-controls_6595b64144ccf1df_6.0.9600.19394_none_62486577ecb635cf\COMCTL32.dll
0x00007ffcd0030000 - 0x00007ffcd01a7000 	C:\Windows\system32\USER32.dll
0x00007ffcc33c0000 - 0x00007ffcc33c3000 	C:\Users\PC\.p2\pool\plugins\org.eclipse.justj.openjdk.hotspot.jre.full.win32.x86_64_14.0.2.v20200815-0932\jre\bin\api-ms-win-crt-filesystem-l1-1-0.dll
0x00007ffcc33b0000 - 0x00007ffcc33b4000 	C:\Users\PC\.p2\pool\plugins\org.eclipse.justj.openjdk.hotspot.jre.full.win32.x86_64_14.0.2.v20200815-0932\jre\bin\api-ms-win-crt-string-l1-1-0.dll
0x00007ffcc3130000 - 0x00007ffcc3134000 	C:\Users\PC\.p2\pool\plugins\org.eclipse.justj.openjdk.hotspot.jre.full.win32.x86_64_14.0.2.v20200815-0932\jre\bin\api-ms-win-crt-convert-l1-1-0.dll
0x00007ffcd0ae0000 - 0x00007ffcd0b8a000 	C:\Windows\system32\msvcrt.dll
0x00007ffccfd40000 - 0x00007ffccfe8e000 	C:\Windows\system32\GDI32.dll
0x00007ffcbaff0000 - 0x00007ffcbb0ec000 	C:\Users\PC\.p2\pool\plugins\org.eclipse.justj.openjdk.hotspot.jre.full.win32.x86_64_14.0.2.v20200815-0932\jre\bin\ucrtbase.DLL
0x00007ffcd0430000 - 0x00007ffcd0466000 	C:\Windows\system32\IMM32.DLL
0x00007ffcd0470000 - 0x00007ffcd05c1000 	C:\Windows\system32\MSCTF.dll
0x00007ffcb8c30000 - 0x00007ffcb8ccb000 	C:\Users\PC\.p2\pool\plugins\org.eclipse.justj.openjdk.hotspot.jre.full.win32.x86_64_14.0.2.v20200815-0932\jre\bin\msvcp140.dll
0x00007ffcc29e0000 - 0x00007ffcc29e3000 	C:\Users\PC\.p2\pool\plugins\org.eclipse.justj.openjdk.hotspot.jre.full.win32.x86_64_14.0.2.v20200815-0932\jre\bin\api-ms-win-crt-time-l1-1-0.dll
0x00007ffcc2250000 - 0x00007ffcc2253000 	C:\Users\PC\.p2\pool\plugins\org.eclipse.justj.openjdk.hotspot.jre.full.win32.x86_64_14.0.2.v20200815-0932\jre\bin\api-ms-win-crt-utility-l1-1-0.dll
0x00007ffcb5c40000 - 0x00007ffcb675e000 	C:\Users\PC\.p2\pool\plugins\org.eclipse.justj.openjdk.hotspot.jre.full.win32.x86_64_14.0.2.v20200815-0932\jre\bin\server\jvm.dll
0x00007ffcd0a30000 - 0x00007ffcd0ada000 	C:\Windows\system32\ADVAPI32.dll
0x00007ffccb160000 - 0x00007ffccb169000 	C:\Windows\SYSTEM32\WSOCK32.dll
0x00007ffccb350000 - 0x00007ffccb372000 	C:\Windows\SYSTEM32\WINMM.dll
0x00007ffcc81e0000 - 0x00007ffcc81ea000 	C:\Windows\SYSTEM32\VERSION.dll
0x00007ffcd0810000 - 0x00007ffcd0817000 	C:\Windows\system32\PSAPI.DLL
0x00007ffcd09d0000 - 0x00007ffcd0a28000 	C:\Windows\SYSTEM32\sechost.dll
0x00007ffcd02f0000 - 0x00007ffcd042a000 	C:\Windows\system32\RPCRT4.dll
0x00007ffccffc0000 - 0x00007ffcd001a000 	C:\Windows\system32\WS2_32.dll
0x00007ffccb320000 - 0x00007ffccb34a000 	C:\Windows\SYSTEM32\WINMMBASE.dll
0x00007ffccf8b0000 - 0x00007ffccf8de000 	C:\Windows\system32\SspiCli.dll
0x00007ffcd0820000 - 0x00007ffcd0829000 	C:\Windows\system32\NSI.dll
0x00007ffccfb20000 - 0x00007ffccfb6f000 	C:\Windows\SYSTEM32\cfgmgr32.dll
0x00007ffcce610000 - 0x00007ffcce638000 	C:\Windows\SYSTEM32\DEVOBJ.dll
0x00007ffccb130000 - 0x00007ffccb13a000 	C:\Users\PC\.p2\pool\plugins\org.eclipse.justj.openjdk.hotspot.jre.full.win32.x86_64_14.0.2.v20200815-0932\jre\bin\jimage.dll
0x00007ffccb880000 - 0x00007ffccba09000 	C:\Windows\SYSTEM32\DBGHELP.DLL
0x00007ffcc33d0000 - 0x00007ffcc33f5000 	C:\Users\PC\.p2\pool\plugins\org.eclipse.justj.openjdk.hotspot.jre.full.win32.x86_64_14.0.2.v20200815-0932\jre\bin\java.dll
0x00007ffccacc0000 - 0x00007ffccacd6000 	C:\Users\PC\.p2\pool\plugins\org.eclipse.justj.openjdk.hotspot.jre.full.win32.x86_64_14.0.2.v20200815-0932\jre\bin\zip.dll
0x00007ffcd0ef0000 - 0x00007ffcd241e000 	C:\Windows\system32\SHELL32.dll
0x00007ffcd24a0000 - 0x00007ffcd26b1000 	C:\Windows\SYSTEM32\combase.dll
0x00007ffcd05d0000 - 0x00007ffcd0624000 	C:\Windows\system32\SHLWAPI.dll
0x00007ffccdd80000 - 0x00007ffccde32000 	C:\Windows\SYSTEM32\SHCORE.dll
0x00007ffccf7e0000 - 0x00007ffccf7f5000 	C:\Windows\SYSTEM32\profapi.dll
0x00007ffcc9840000 - 0x00007ffcc9859000 	C:\Users\PC\.p2\pool\plugins\org.eclipse.justj.openjdk.hotspot.jre.full.win32.x86_64_14.0.2.v20200815-0932\jre\bin\net.dll
0x00007ffcc67a0000 - 0x00007ffcc6869000 	C:\Windows\SYSTEM32\WINHTTP.dll
0x00007ffccf000000 - 0x00007ffccf059000 	C:\Windows\system32\mswsock.dll
0x00007ffcc97f0000 - 0x00007ffcc9802000 	C:\Users\PC\.p2\pool\plugins\org.eclipse.justj.openjdk.hotspot.jre.full.win32.x86_64_14.0.2.v20200815-0932\jre\bin\nio.dll
0x00007ffcc2240000 - 0x00007ffcc2249000 	C:\Users\PC\.p2\pool\plugins\org.eclipse.justj.openjdk.hotspot.jre.full.win32.x86_64_14.0.2.v20200815-0932\jre\bin\management.dll
0x00007ffcc1ce0000 - 0x00007ffcc1ceb000 	C:\Users\PC\.p2\pool\plugins\org.eclipse.justj.openjdk.hotspot.jre.full.win32.x86_64_14.0.2.v20200815-0932\jre\bin\management_ext.dll
0x00007ffcb5850000 - 0x00007ffcb5865000 	C:\Windows\system32\napinsp.dll
0x00007ffcb5830000 - 0x00007ffcb584a000 	C:\Windows\system32\pnrpnsp.dll
0x00007ffccb7b0000 - 0x00007ffccb7cb000 	C:\Windows\system32\NLAapi.dll
0x00007ffccee00000 - 0x00007ffcceea4000 	C:\Windows\SYSTEM32\DNSAPI.dll
0x00007ffcb5820000 - 0x00007ffcb582d000 	C:\Windows\System32\winrnr.dll
0x00007ffcc5c10000 - 0x00007ffcc5c1a000 	C:\Windows\System32\rasadhlp.dll
0x00007ffcca900000 - 0x00007ffcca92a000 	C:\Windows\SYSTEM32\IPHLPAPI.DLL
0x00007ffcca8f0000 - 0x00007ffcca8fa000 	C:\Windows\SYSTEM32\WINNSI.DLL
0x00007ffcca1e0000 - 0x00007ffcca24b000 	C:\Windows\System32\fwpuclnt.dll
0x00007ffccf220000 - 0x00007ffccf240000 	C:\Windows\SYSTEM32\CRYPTSP.dll
0x00007ffcceca0000 - 0x00007ffccecd6000 	C:\Windows\system32\rsaenh.dll
0x00007ffccf2c0000 - 0x00007ffccf2e6000 	C:\Windows\SYSTEM32\bcrypt.dll
0x00007ffcced90000 - 0x00007ffccedb1000 	C:\Windows\SYSTEM32\USERENV.dll
0x00007ffccf5e0000 - 0x00007ffccf643000 	C:\Windows\system32\bcryptprimitives.dll
0x00007ffccf650000 - 0x00007ffccf65b000 	C:\Windows\SYSTEM32\CRYPTBASE.dll
0x00007ffcc9e40000 - 0x00007ffcc9e56000 	C:\Windows\SYSTEM32\dhcpcsvc6.DLL
0x00007ffcca2c0000 - 0x00007ffcca2da000 	C:\Windows\SYSTEM32\dhcpcsvc.DLL
0x00007ffcc8540000 - 0x00007ffcc8550000 	C:\Users\PC\.p2\pool\plugins\org.eclipse.justj.openjdk.hotspot.jre.full.win32.x86_64_14.0.2.v20200815-0932\jre\bin\verify.dll

dbghelp: loaded successfully - version: 4.0.5 - missing functions: none
symbol engine: initialized successfully - sym options: 0x614 - pdb path: .;C:\Users\PC\.p2\pool\plugins\org.eclipse.justj.openjdk.hotspot.jre.full.win32.x86_64_14.0.2.v20200815-0932\jre\bin;C:\Windows\SYSTEM32;C:\Windows\WinSxS\amd64_microsoft.windows.common-controls_6595b64144ccf1df_6.0.9600.19394_none_62486577ecb635cf;C:\Users\PC\.p2\pool\plugins\org.eclipse.justj.openjdk.hotspot.jre.full.win32.x86_64_14.0.2.v20200815-0932\jre\bin\server

VM Arguments:
jvm_args: -Dcom.sun.management.jmxremote -Dcom.sun.management.jmxremote.port=59330 -Dcom.sun.management.jmxremote.authenticate=false -Dcom.sun.management.jmxremote.ssl=false -Djava.rmi.server.hostname=localhost -Dspring.jmx.enabled=true -Dspring.application.admin.enabled=true -XX:TieredStopAtLevel=1 -Dspring.boot.project.name=projet-2 -Dfile.encoding=UTF-8 -XX:+ShowCodeDetailsInExceptionMessages 
java_command: org.nini.Projet2Application
java_class_path (initial): E:\Docs\Workspace eclipse\projet-2\target\classes;C:\Users\PC\.m2\repository\org\springframework\boot\spring-boot-starter-data-jpa\2.4.6\spring-boot-starter-data-jpa-2.4.6.jar;C:\Users\PC\.m2\repository\org\springframework\boot\spring-boot-starter-aop\2.4.6\spring-boot-starter-aop-2.4.6.jar;C:\Users\PC\.m2\repository\org\aspectj\aspectjweaver\1.9.6\aspectjweaver-1.9.6.jar;C:\Users\PC\.m2\repository\org\springframework\boot\spring-boot-starter-jdbc\2.4.6\spring-boot-starter-jdbc-2.4.6.jar;C:\Users\PC\.m2\repository\com\zaxxer\HikariCP\3.4.5\HikariCP-3.4.5.jar;C:\Users\PC\.m2\repository\org\springframework\spring-jdbc\5.3.7\spring-jdbc-5.3.7.jar;C:\Users\PC\.m2\repository\jakarta\transaction\jakarta.transaction-api\1.3.3\jakarta.transaction-api-1.3.3.jar;C:\Users\PC\.m2\repository\jakarta\persistence\jakarta.persistence-api\2.2.3\jakarta.persistence-api-2.2.3.jar;C:\Users\PC\.m2\repository\org\hibernate\hibernate-core\5.4.31.Final\hibernate-core-5.4.31.Final.jar;C:\Users\PC\.m2\repository\org\jboss\logging\jboss-logging\3.4.1.Final\jboss-logging-3.4.1.Final.jar;C:\Users\PC\.m2\repository\org\javassist\javassist\3.27.0-GA\javassist-3.27.0-GA.jar;C:\Users\PC\.m2\repository\net\bytebuddy\byte-buddy\1.10.22\byte-buddy-1.10.22.jar;C:\Users\PC\.m2\repository\antlr\antlr\2.7.7\antlr-2.7.7.jar;C:\Users\PC\.m2\repository\org\jboss\jandex\2.2.3.Final\jandex-2.2.3.Final.jar;C:\Users\PC\.m2\repository\com\fasterxml\classmate\1.5.1\classmate-1.5.1.jar;C:\Users\PC\.m2\repository\org\dom4j\dom4j\2.1.3\dom4j-2.1.3.jar;C:\Users\PC\.m2\repository\org\hibernate\common\hibernate-commons-annotations\5.1.2.Final\hibernate-commons-annotations-5.1.2.Final.jar;C:\Users\PC\.m2\repository\org\glassfish\jaxb\jaxb-runtime\2.3.4\jaxb-runtime-2.3.4.jar;C:\Users\PC\.m2\repository\org\glassfish\jaxb\txw2\2.3.4\txw2-2.3.4.jar;C:\Users\PC\.m2\repository\com\sun\istack\istack-commons-runtime\3.0.12\istack-commons-runtime-3.0.12.jar;C:\Users\PC\.m2\repository\com\sun\activati
Launcher Type: SUN_STANDARD

[Global flags]
     intx CICompilerCount                          = 2                                         {product} {ergonomic}
     uint ConcGCThreads                            = 1                                         {product} {ergonomic}
     uint G1ConcRefinementThreads                  = 2                                         {product} {ergonomic}
   size_t G1HeapRegionSize                         = 1048576                                   {product} {ergonomic}
    uintx GCDrainStackTargetSize                   = 64                                        {product} {ergonomic}
   size_t InitialHeapSize                          = 134217728                                 {product} {ergonomic}
     bool ManagementServer                         = true                                      {product} {command line}
   size_t MarkStackSize                            = 4194304                                   {product} {ergonomic}
   size_t MaxHeapSize                              = 2122317824                                {product} {ergonomic}
   size_t MaxNewSize                               = 1272971264                                {product} {ergonomic}
   size_t MinHeapDeltaBytes                        = 1048576                                   {product} {ergonomic}
   size_t MinHeapSize                              = 8388608                                   {product} {ergonomic}
    uintx NonNMethodCodeHeapSize                   = 6396312                                {pd product} {ergonomic}
    uintx NonProfiledCodeHeapSize                  = 245261928                              {pd product} {ergonomic}
    uintx ProfiledCodeHeapSize                     = 0                                      {pd product} {ergonomic}
    uintx ReservedCodeCacheSize                    = 251658240                              {pd product} {ergonomic}
     bool SegmentedCodeCache                       = true                                      {product} {ergonomic}
     bool ShowCodeDetailsInExceptionMessages       = true                                   {manageable} {command line}
   size_t SoftMaxHeapSize                          = 2122317824                             {manageable} {ergonomic}
     intx TieredStopAtLevel                        = 1                                         {product} {command line}
     bool UseCompressedClassPointers               = true                                 {lp64_product} {ergonomic}
     bool UseCompressedOops                        = true                                 {lp64_product} {ergonomic}
     bool UseG1GC                                  = true                                      {product} {ergonomic}
     bool UseLargePagesIndividualAllocation        = false                                  {pd product} {ergonomic}

Logging:
Log output configuration:
 #0: stdout all=warning uptime,level,tags
 #1: stderr all=off uptime,level,tags

Environment Variables:
JAVA_HOME=C:\Program Files\Java\jdk-11.0.10
PATH=C:/Users/PC/.p2/pool/plugins/org.eclipse.justj.openjdk.hotspot.jre.full.win32.x86_64_14.0.2.v20200815-0932/jre/bin/server;C:/Users/PC/.p2/pool/plugins/org.eclipse.justj.openjdk.hotspot.jre.full.win32.x86_64_14.0.2.v20200815-0932/jre/bin;C:\Program Files\Java\jdk1.8.0_231\bin;C:\Program Files\Common Files\Oracle\Java\javapath;C:\Program Files (x86)\NVIDIA Corporation\PhysX\Common;C:\Windows\system32;C:\Windows;C:\Windows\System32\Wbem;C:\Windows\System32\WindowsPowerShell\v1.0\;C:\wamp\bin\php\php5.5.12;C:\wamp64\bin\php\php7.2.25;C:\wamp64\bin\php\php7.3.12;C:\ProgramData\ComposerSetup\bin;C:\Program Files\Git\cmd;C:\phantomjs;C:\Users\PC\AppData\Local\Programs\Microsoft VS Code\bin;C:\Users\PC\AppData\Roaming\Composer\vendor\bin;C:\Users\PC\AppData\Roaming\npm;C:\Program Files\JetBrains\IntelliJ IDEA 2020.2.3\bin;C:\Program Files\Java\jdk1.8.0_231\bin;C:\Program Files\nodejs\;C:\Users\PC\AppData\Local\Programs\Microsoft VS Code\bin;C:\Users\PC\AppData\Roaming\Composer\vendor\bin;C:\Program Files\nodejs\;C:\Program Files\JetBrains\IntelliJ IDEA 2020.2.3\bin;;C:\Program Files\Java\jdk-11.0.10\bin;C:\Users\PC\AppData\Roaming\npm;C:\Windows\System32;
USERNAME=PC
OS=Windows_NT
PROCESSOR_IDENTIFIER=Intel64 Family 6 Model 23 Stepping 10, GenuineIntel



---------------  S Y S T E M  ---------------

OS: Windows 8.1 , 64 bit Build 9600 (6.3.9600.19994)
OS uptime: 0 days 23:20 hours

CPU:total 2 (initial active 2) (2 cores per cpu, 1 threads per core) family 6 model 23 stepping 10, cmov, cx8, fxsr, mmx, sse, sse2, sse3, ssse3, tsc

Memory: 4k page, system-wide physical 8095M (1235M free)
TotalPageFile size 11167M (AvailPageFile size 2M)
current process WorkingSet (physical memory assigned to process): 184M, peak: 184M
current process commit charge ("private bytes"): 208M, peak: 245M

vm_info: OpenJDK 64-Bit Server VM (14.0.2+12-46) for windows-amd64 JRE (14.0.2+12-46), built on Jul  9 2020 00:31:16 by "mach5one" with MS VC++ 15.9 (VS2017)

END.
